{"/home/haha/Ownership-Chain/src/frontend/src/services/backendService.ts": {"path":"/home/haha/Ownership-Chain/src/frontend/src/services/backendService.ts","statementMap":{"0":{"start":{"line":1,"column":0},"end":{"line":1,"column":56}},"1":{"start":{"line":6,"column":13},"end":{"line":209,"column":2}},"2":{"start":{"line":10,"column":8},"end":{"line":16,"column":9}},"3":{"start":{"line":11,"column":24},"end":{"line":11,"column":53}},"4":{"start":{"line":12,"column":12},"end":{"line":12,"column":52}},"5":{"start":{"line":14,"column":12},"end":{"line":14,"column":null}},"6":{"start":{"line":15,"column":12},"end":{"line":15,"column":24}},"7":{"start":{"line":21,"column":8},"end":{"line":27,"column":9}},"8":{"start":{"line":22,"column":24},"end":{"line":22,"column":52}},"9":{"start":{"line":23,"column":12},"end":{"line":23,"column":23}},"10":{"start":{"line":25,"column":12},"end":{"line":25,"column":63}},"11":{"start":{"line":26,"column":12},"end":{"line":26,"column":24}},"12":{"start":{"line":31,"column":8},"end":{"line":36,"column":9}},"13":{"start":{"line":32,"column":24},"end":{"line":32,"column":65}},"14":{"start":{"line":33,"column":12},"end":{"line":33,"column":23}},"15":{"start":{"line":35,"column":12},"end":{"line":35,"column":null}},"16":{"start":{"line":40,"column":8},"end":{"line":45,"column":9}},"17":{"start":{"line":41,"column":24},"end":{"line":41,"column":58}},"18":{"start":{"line":42,"column":12},"end":{"line":42,"column":23}},"19":{"start":{"line":44,"column":12},"end":{"line":44,"column":null}},"20":{"start":{"line":50,"column":8},"end":{"line":61,"column":9}},"21":{"start":{"line":51,"column":24},"end":{"line":51,"column":59}},"22":{"start":{"line":52,"column":12},"end":{"line":54,"column":13}},"23":{"start":{"line":53,"column":16},"end":{"line":53,"column":30}},"24":{"start":{"line":55,"column":12},"end":{"line":55,"column":24}},"25":{"start":{"line":58,"column":12},"end":{"line":58,"column":63}},"26":{"start":{"line":59,"column":12},"end":{"line":59,"column":24}},"27":{"start":{"line":79,"column":8},"end":{"line":102,"column":9}},"28":{"start":{"line":80,"column":24},"end":{"line":92,"column":null}},"29":{"start":{"line":95,"column":12},"end":{"line":97,"column":13}},"30":{"start":{"line":96,"column":16},"end":{"line":96,"column":50}},"31":{"start":{"line":99,"column":12},"end":{"line":99,"column":23}},"32":{"start":{"line":101,"column":12},"end":{"line":101,"column":24}},"33":{"start":{"line":116,"column":8},"end":{"line":135,"column":9}},"34":{"start":{"line":117,"column":24},"end":{"line":125,"column":null}},"35":{"start":{"line":128,"column":12},"end":{"line":130,"column":13}},"36":{"start":{"line":129,"column":16},"end":{"line":129,"column":50}},"37":{"start":{"line":132,"column":12},"end":{"line":132,"column":23}},"38":{"start":{"line":134,"column":12},"end":{"line":134,"column":24}},"39":{"start":{"line":145,"column":8},"end":{"line":157,"column":9}},"40":{"start":{"line":146,"column":24},"end":{"line":146,"column":66}},"41":{"start":{"line":148,"column":12},"end":{"line":150,"column":13}},"42":{"start":{"line":149,"column":16},"end":{"line":149,"column":50}},"43":{"start":{"line":152,"column":12},"end":{"line":152,"column":29}},"44":{"start":{"line":153,"column":12},"end":{"line":153,"column":null}},"45":{"start":{"line":156,"column":12},"end":{"line":156,"column":24}},"46":{"start":{"line":166,"column":8},"end":{"line":174,"column":9}},"47":{"start":{"line":167,"column":24},"end":{"line":167,"column":85}},"48":{"start":{"line":168,"column":12},"end":{"line":170,"column":13}},"49":{"start":{"line":169,"column":16},"end":{"line":169,"column":50}},"50":{"start":{"line":171,"column":12},"end":{"line":171,"column":23}},"51":{"start":{"line":173,"column":12},"end":{"line":173,"column":24}},"52":{"start":{"line":179,"column":8},"end":{"line":185,"column":9}},"53":{"start":{"line":180,"column":24},"end":{"line":180,"column":62}},"54":{"start":{"line":181,"column":12},"end":{"line":181,"column":34}},"55":{"start":{"line":183,"column":12},"end":{"line":183,"column":48}},"56":{"start":{"line":184,"column":12},"end":{"line":184,"column":24}},"57":{"start":{"line":188,"column":8},"end":{"line":195,"column":9}},"58":{"start":{"line":189,"column":24},"end":{"line":189,"column":64}},"59":{"start":{"line":190,"column":12},"end":{"line":190,"column":29}},"60":{"start":{"line":191,"column":12},"end":{"line":191,"column":23}},"61":{"start":{"line":193,"column":12},"end":{"line":193,"column":null}},"62":{"start":{"line":194,"column":12},"end":{"line":194,"column":null}},"63":{"start":{"line":199,"column":8},"end":{"line":206,"column":9}},"64":{"start":{"line":200,"column":24},"end":{"line":200,"column":67}},"65":{"start":{"line":201,"column":12},"end":{"line":201,"column":47}},"66":{"start":{"line":202,"column":12},"end":{"line":202,"column":23}},"67":{"start":{"line":204,"column":12},"end":{"line":204,"column":null}},"68":{"start":{"line":205,"column":12},"end":{"line":205,"column":null}}},"fnMap":{"0":{"name":"(anonymous_0)","decl":{"start":{"line":9,"column":4},"end":{"line":9,"column":9}},"loc":{"start":{"line":9,"column":26},"end":{"line":17,"column":5}}},"1":{"name":"(anonymous_1)","decl":{"start":{"line":20,"column":4},"end":{"line":20,"column":9}},"loc":{"start":{"line":20,"column":19},"end":{"line":28,"column":5}}},"2":{"name":"(anonymous_2)","decl":{"start":{"line":30,"column":4},"end":{"line":30,"column":9}},"loc":{"start":{"line":30,"column":52},"end":{"line":37,"column":5}}},"3":{"name":"(anonymous_3)","decl":{"start":{"line":39,"column":4},"end":{"line":39,"column":9}},"loc":{"start":{"line":39,"column":28},"end":{"line":46,"column":5}}},"4":{"name":"(anonymous_4)","decl":{"start":{"line":49,"column":4},"end":{"line":49,"column":9}},"loc":{"start":{"line":49,"column":38},"end":{"line":62,"column":5}}},"5":{"name":"(anonymous_5)","decl":{"start":{"line":65,"column":4},"end":{"line":65,"column":9}},"loc":{"start":{"line":77,"column":18},"end":{"line":103,"column":5}}},"6":{"name":"(anonymous_6)","decl":{"start":{"line":106,"column":4},"end":{"line":106,"column":9}},"loc":{"start":{"line":114,"column":25},"end":{"line":136,"column":5}}},"7":{"name":"(anonymous_7)","decl":{"start":{"line":139,"column":4},"end":{"line":139,"column":9}},"loc":{"start":{"line":139,"column":41},"end":{"line":158,"column":5}}},"8":{"name":"(anonymous_8)","decl":{"start":{"line":161,"column":4},"end":{"line":161,"column":9}},"loc":{"start":{"line":164,"column":29},"end":{"line":175,"column":5}}},"9":{"name":"(anonymous_9)","decl":{"start":{"line":178,"column":4},"end":{"line":178,"column":9}},"loc":{"start":{"line":178,"column":23},"end":{"line":186,"column":5}}},"10":{"name":"(anonymous_10)","decl":{"start":{"line":187,"column":4},"end":{"line":187,"column":9}},"loc":{"start":{"line":187,"column":46},"end":{"line":196,"column":5}}},"11":{"name":"(anonymous_11)","decl":{"start":{"line":198,"column":4},"end":{"line":198,"column":9}},"loc":{"start":{"line":198,"column":66},"end":{"line":207,"column":5}}}},"branchMap":{"0":{"loc":{"start":{"line":12,"column":19},"end":{"line":12,"column":51}},"type":"cond-expr","locations":[{"start":{"line":12,"column":38},"end":{"line":12,"column":42}},{"start":{"line":12,"column":45},"end":{"line":12,"column":51}}]},"1":{"loc":{"start":{"line":52,"column":12},"end":{"line":54,"column":13}},"type":"if","locations":[{"start":{"line":52,"column":12},"end":{"line":54,"column":13}},{"start":{},"end":{}}]},"2":{"loc":{"start":{"line":52,"column":16},"end":{"line":52,"column":40}},"type":"binary-expr","locations":[{"start":{"line":52,"column":16},"end":{"line":52,"column":30}},{"start":{"line":52,"column":34},"end":{"line":52,"column":40}}]},"3":{"loc":{"start":{"line":95,"column":12},"end":{"line":97,"column":13}},"type":"if","locations":[{"start":{"line":95,"column":12},"end":{"line":97,"column":13}},{"start":{},"end":{}}]},"4":{"loc":{"start":{"line":128,"column":12},"end":{"line":130,"column":13}},"type":"if","locations":[{"start":{"line":128,"column":12},"end":{"line":130,"column":13}},{"start":{},"end":{}}]},"5":{"loc":{"start":{"line":148,"column":12},"end":{"line":150,"column":13}},"type":"if","locations":[{"start":{"line":148,"column":12},"end":{"line":150,"column":13}},{"start":{},"end":{}}]},"6":{"loc":{"start":{"line":168,"column":12},"end":{"line":170,"column":13}},"type":"if","locations":[{"start":{"line":168,"column":12},"end":{"line":170,"column":13}},{"start":{},"end":{}}]},"7":{"loc":{"start":{"line":181,"column":19},"end":{"line":181,"column":33}},"type":"binary-expr","locations":[{"start":{"line":181,"column":19},"end":{"line":181,"column":25}},{"start":{"line":181,"column":29},"end":{"line":181,"column":33}}]}},"s":{"0":1,"1":1,"2":2,"3":2,"4":2,"5":0,"6":0,"7":2,"8":2,"9":1,"10":1,"11":1,"12":2,"13":2,"14":1,"15":1,"16":2,"17":2,"18":1,"19":1,"20":2,"21":2,"22":2,"23":1,"24":1,"25":0,"26":0,"27":2,"28":2,"29":2,"30":1,"31":1,"32":1,"33":2,"34":2,"35":2,"36":1,"37":1,"38":1,"39":2,"40":2,"41":2,"42":1,"43":1,"44":1,"45":1,"46":2,"47":2,"48":2,"49":1,"50":1,"51":1,"52":2,"53":2,"54":2,"55":0,"56":0,"57":1,"58":1,"59":1,"60":1,"61":0,"62":0,"63":2,"64":2,"65":1,"66":1,"67":1,"68":1},"f":{"0":2,"1":2,"2":2,"3":2,"4":2,"5":2,"6":2,"7":2,"8":2,"9":2,"10":1,"11":2},"b":{"0":[1,1],"1":[1,1],"2":[2,1],"3":[1,1],"4":[1,1],"5":[1,1],"6":[1,1],"7":[2,1]}}
}
