TN:
SF:frontend/src/services/backendService.ts
FN:9,(anonymous_0)
FN:20,(anonymous_1)
FN:30,(anonymous_2)
FN:39,(anonymous_3)
FN:49,(anonymous_4)
FN:65,(anonymous_5)
FN:106,(anonymous_6)
FN:139,(anonymous_7)
FN:161,(anonymous_8)
FN:178,(anonymous_9)
FN:187,(anonymous_10)
FN:198,(anonymous_11)
FNF:12
FNH:12
FNDA:2,(anonymous_0)
FNDA:2,(anonymous_1)
FNDA:2,(anonymous_2)
FNDA:2,(anonymous_3)
FNDA:2,(anonymous_4)
FNDA:2,(anonymous_5)
FNDA:2,(anonymous_6)
FNDA:2,(anonymous_7)
FNDA:2,(anonymous_8)
FNDA:2,(anonymous_9)
FNDA:1,(anonymous_10)
FNDA:2,(anonymous_11)
DA:1,1
DA:6,1
DA:10,2
DA:11,2
DA:12,2
DA:14,0
DA:15,0
DA:21,2
DA:22,2
DA:23,1
DA:25,1
DA:26,1
DA:31,2
DA:32,2
DA:33,1
DA:35,1
DA:40,2
DA:41,2
DA:42,1
DA:44,1
DA:50,2
DA:51,2
DA:52,2
DA:53,1
DA:55,1
DA:58,0
DA:59,0
DA:79,2
DA:80,2
DA:95,2
DA:96,1
DA:99,1
DA:101,1
DA:116,2
DA:117,2
DA:128,2
DA:129,1
DA:132,1
DA:134,1
DA:145,2
DA:146,2
DA:148,2
DA:149,1
DA:152,1
DA:153,1
DA:156,1
DA:166,2
DA:167,2
DA:168,2
DA:169,1
DA:171,1
DA:173,1
DA:179,2
DA:180,2
DA:181,2
DA:183,0
DA:184,0
DA:188,1
DA:189,1
DA:190,1
DA:191,1
DA:193,0
DA:194,0
DA:199,2
DA:200,2
DA:201,1
DA:202,1
DA:204,1
DA:205,1
LF:69
LH:61
BRDA:12,0,0,1
BRDA:12,0,1,1
BRDA:52,1,0,1
BRDA:52,1,1,1
BRDA:52,2,0,2
BRDA:52,2,1,1
BRDA:95,3,0,1
BRDA:95,3,1,1
BRDA:128,4,0,1
BRDA:128,4,1,1
BRDA:148,5,0,1
BRDA:148,5,1,1
BRDA:168,6,0,1
BRDA:168,6,1,1
BRDA:181,7,0,2
BRDA:181,7,1,1
BRF:16
BRH:16
end_of_record
